-----------------------------------
Number of nodes: 14
Number of edges: 14
Origin vertex: 1
Destination vertex: 14
-----------------------------------
Iteration 1
Generated nodes: 1
Inspected nodes:
-----------------------------------
Iteration 2
Generated nodes: 1, 3, 4
Inspected nodes: 1
-----------------------------------
Iteration 3
Generated nodes: 1, 3, 4
Inspected nodes: 1, 3
-----------------------------------
Iteration 4
Generated nodes: 1, 3, 4, 5, 6
Inspected nodes: 1, 3, 4
-----------------------------------
Iteration 5
Generated nodes: 1, 3, 4, 5, 6, 2,
7
Inspected nodes: 1, 3, 4, 5
-----------------------------------
Iteration 6
Generated nodes: 1, 3, 4, 5, 6, 2,
7, 7, 9, 11, 14
Inspected nodes: 1, 3, 4, 5, 6
-----------------------------------
Iteration 7
Generated nodes: 1, 3, 4, 5, 6, 2,
7, 7, 9, 11, 14
Inspected nodes: 1, 3, 4, 5, 6, 2
-----------------------------------
Iteration 8
Generated nodes: 1, 3, 4, 5, 6, 2,
7, 7, 9, 11, 14, 6
Inspected nodes: 1, 3, 4, 5, 6, 2,
7
-----------------------------------
Iteration 9
Generated nodes: 1, 3, 4, 5, 6, 2,
7, 7, 9, 11, 14, 6, 5
Inspected nodes: 1, 3, 4, 5, 6, 2,
7, 7
-----------------------------------
Iteration 10
Generated nodes: 1, 3, 4, 5, 6, 2,
7, 7, 9, 11, 14, 6, 5, 12, 13
Inspected nodes: 1, 3, 4, 5, 6, 2,
7, 7, 9
-----------------------------------
Iteration 11
Generated nodes: 1, 3, 4, 5, 6, 2,
7, 7, 9, 11, 14, 6, 5, 12, 13
Inspected nodes: 1, 3, 4, 5, 6, 2,
7, 7, 9, 11
-----------------------------------
Iteration 12
Generated nodes: 1, 3, 4, 5, 6, 2,
7, 7, 9, 11, 14, 6, 5, 12, 13
Inspected nodes: 1, 3, 4, 5, 6, 2,
7, 7, 9, 11, 14
-----------------------------------
Path: 1 -> 4 -> 6 -> 14
-----------------------------------
Cost: 14.0
-----------------------------------
